<?xml version="1.0" encoding="UTF-8"?>
<testng-results ignored="0" total="1" passed="1" failed="0" skipped="0">
  <reporter-output>
  </reporter-output>
  <suite started-at="2018-05-29T11:32:14Z" name="Default suite" finished-at="2018-05-29T11:32:23Z" duration-ms="8951">
    <groups>
    </groups>
    <test started-at="2018-05-29T11:32:14Z" name="Default test" finished-at="2018-05-29T11:32:23Z" duration-ms="8951">
      <class name="testcases.POM_NG">
        <test-method is-config="true" signature="beforeMethod()[pri:0, instance:testcases.POM_NG@6239aba6]" started-at="2018-05-29T11:32:14Z" name="beforeMethod" finished-at="2018-05-29T11:32:20Z" duration-ms="6107" status="PASS">
          <reporter-output>
          </reporter-output>
        </test-method> <!-- beforeMethod -->
        <test-method signature="f()[pri:0, instance:testcases.POM_NG@6239aba6]" started-at="2018-05-29T11:32:20Z" name="f" finished-at="2018-05-29T11:32:22Z" duration-ms="1983" status="PASS">
          <reporter-output>
          </reporter-output>
        </test-method> <!-- f -->
        <test-method is-config="true" signature="afterMethod()[pri:0, instance:testcases.POM_NG@6239aba6]" started-at="2018-05-29T11:32:22Z" name="afterMethod" finished-at="2018-05-29T11:32:23Z" duration-ms="838" status="PASS">
          <reporter-output>
          </reporter-output>
        </test-method> <!-- afterMethod -->
      </class> <!-- testcases.POM_NG -->
    </test> <!-- Default test -->
  </suite> <!-- Default suite -->
</testng-results>
